<?xml version="1.0" encoding="UTF-8"?>
<testsuite xmlns:xsi="http://www.w3.org/2001/XMLSchema-instance" xsi:noNamespaceSchemaLocation="https://maven.apache.org/surefire/maven-surefire-plugin/xsd/surefire-test-report.xsd" name="TestSuite" time="497.436" tests="82" errors="0" skipped="0" failures="2">
  <properties>
    <property name="sun.desktop" value="windows"/>
    <property name="awt.toolkit" value="sun.awt.windows.WToolkit"/>
    <property name="java.specification.version" value="11"/>
    <property name="sun.cpu.isalist" value="amd64"/>
    <property name="sun.jnu.encoding" value="Cp1252"/>
    <property name="java.class.path" value="C:\Users\adnan\Documents\QA\eclipse-workspace\Croatia-Direct\target\test-classes;C:\Users\adnan\Documents\QA\eclipse-workspace\Croatia-Direct\target\classes;C:\Users\adnan\.m2\repository\org\seleniumhq\selenium\selenium-java\4.5.3\selenium-java-4.5.3.jar;C:\Users\adnan\.m2\repository\org\seleniumhq\selenium\selenium-api\4.5.3\selenium-api-4.5.3.jar;C:\Users\adnan\.m2\repository\org\seleniumhq\selenium\selenium-chrome-driver\4.5.3\selenium-chrome-driver-4.5.3.jar;C:\Users\adnan\.m2\repository\com\google\auto\service\auto-service-annotations\1.0.1\auto-service-annotations-1.0.1.jar;C:\Users\adnan\.m2\repository\com\google\auto\service\auto-service\1.0.1\auto-service-1.0.1.jar;C:\Users\adnan\.m2\repository\com\google\auto\auto-common\1.2\auto-common-1.2.jar;C:\Users\adnan\.m2\repository\com\google\guava\guava\31.1-jre\guava-31.1-jre.jar;C:\Users\adnan\.m2\repository\com\google\guava\failureaccess\1.0.1\failureaccess-1.0.1.jar;C:\Users\adnan\.m2\repository\com\google\guava\listenablefuture\9999.0-empty-to-avoid-conflict-with-guava\listenablefuture-9999.0-empty-to-avoid-conflict-with-guava.jar;C:\Users\adnan\.m2\repository\org\checkerframework\checker-qual\3.12.0\checker-qual-3.12.0.jar;C:\Users\adnan\.m2\repository\com\google\errorprone\error_prone_annotations\2.11.0\error_prone_annotations-2.11.0.jar;C:\Users\adnan\.m2\repository\com\google\j2objc\j2objc-annotations\1.3\j2objc-annotations-1.3.jar;C:\Users\adnan\.m2\repository\org\seleniumhq\selenium\selenium-chromium-driver\4.5.3\selenium-chromium-driver-4.5.3.jar;C:\Users\adnan\.m2\repository\org\seleniumhq\selenium\selenium-json\4.5.3\selenium-json-4.5.3.jar;C:\Users\adnan\.m2\repository\org\seleniumhq\selenium\selenium-devtools-v104\4.5.3\selenium-devtools-v104-4.5.3.jar;C:\Users\adnan\.m2\repository\org\seleniumhq\selenium\selenium-devtools-v105\4.5.3\selenium-devtools-v105-4.5.3.jar;C:\Users\adnan\.m2\repository\org\seleniumhq\selenium\selenium-devtools-v106\4.5.3\selenium-devtools-v106-4.5.3.jar;C:\Users\adnan\.m2\repository\org\seleniumhq\selenium\selenium-devtools-v85\4.5.3\selenium-devtools-v85-4.5.3.jar;C:\Users\adnan\.m2\repository\org\seleniumhq\selenium\selenium-edge-driver\4.5.3\selenium-edge-driver-4.5.3.jar;C:\Users\adnan\.m2\repository\org\seleniumhq\selenium\selenium-firefox-driver\4.5.3\selenium-firefox-driver-4.5.3.jar;C:\Users\adnan\.m2\repository\org\seleniumhq\selenium\selenium-ie-driver\4.5.3\selenium-ie-driver-4.5.3.jar;C:\Users\adnan\.m2\repository\org\seleniumhq\selenium\selenium-remote-driver\4.5.3\selenium-remote-driver-4.5.3.jar;C:\Users\adnan\.m2\repository\io\netty\netty-buffer\4.1.84.Final\netty-buffer-4.1.84.Final.jar;C:\Users\adnan\.m2\repository\io\netty\netty-codec-http\4.1.84.Final\netty-codec-http-4.1.84.Final.jar;C:\Users\adnan\.m2\repository\io\netty\netty-codec\4.1.84.Final\netty-codec-4.1.84.Final.jar;C:\Users\adnan\.m2\repository\io\netty\netty-handler\4.1.84.Final\netty-handler-4.1.84.Final.jar;C:\Users\adnan\.m2\repository\io\netty\netty-common\4.1.84.Final\netty-common-4.1.84.Final.jar;C:\Users\adnan\.m2\repository\io\netty\netty-transport-classes-epoll\4.1.84.Final\netty-transport-classes-epoll-4.1.84.Final.jar;C:\Users\adnan\.m2\repository\io\netty\netty-transport-classes-kqueue\4.1.84.Final\netty-transport-classes-kqueue-4.1.84.Final.jar;C:\Users\adnan\.m2\repository\io\netty\netty-transport-native-epoll\4.1.84.Final\netty-transport-native-epoll-4.1.84.Final.jar;C:\Users\adnan\.m2\repository\io\netty\netty-transport-native-kqueue\4.1.84.Final\netty-transport-native-kqueue-4.1.84.Final.jar;C:\Users\adnan\.m2\repository\io\netty\netty-transport-native-unix-common\4.1.84.Final\netty-transport-native-unix-common-4.1.84.Final.jar;C:\Users\adnan\.m2\repository\io\netty\netty-transport\4.1.84.Final\netty-transport-4.1.84.Final.jar;C:\Users\adnan\.m2\repository\io\netty\netty-resolver\4.1.84.Final\netty-resolver-4.1.84.Final.jar;C:\Users\adnan\.m2\repository\io\opentelemetry\opentelemetry-api\1.19.0\opentelemetry-api-1.19.0.jar;C:\Users\adnan\.m2\repository\io\opentelemetry\opentelemetry-context\1.19.0\opentelemetry-context-1.19.0.jar;C:\Users\adnan\.m2\repository\io\opentelemetry\opentelemetry-exporter-logging\1.19.0\opentelemetry-exporter-logging-1.19.0.jar;C:\Users\adnan\.m2\repository\io\opentelemetry\opentelemetry-sdk-metrics\1.19.0\opentelemetry-sdk-metrics-1.19.0.jar;C:\Users\adnan\.m2\repository\io\opentelemetry\opentelemetry-sdk-logs\1.19.0-alpha\opentelemetry-sdk-logs-1.19.0-alpha.jar;C:\Users\adnan\.m2\repository\io\opentelemetry\opentelemetry-api-logs\1.19.0-alpha\opentelemetry-api-logs-1.19.0-alpha.jar;C:\Users\adnan\.m2\repository\io\opentelemetry\opentelemetry-sdk-common\1.19.0\opentelemetry-sdk-common-1.19.0.jar;C:\Users\adnan\.m2\repository\io\opentelemetry\opentelemetry-sdk-extension-autoconfigure-spi\1.19.0\opentelemetry-sdk-extension-autoconfigure-spi-1.19.0.jar;C:\Users\adnan\.m2\repository\io\opentelemetry\opentelemetry-sdk-extension-autoconfigure\1.19.0-alpha\opentelemetry-sdk-extension-autoconfigure-1.19.0-alpha.jar;C:\Users\adnan\.m2\repository\io\opentelemetry\opentelemetry-exporter-common\1.19.0\opentelemetry-exporter-common-1.19.0.jar;C:\Users\adnan\.m2\repository\io\opentelemetry\opentelemetry-sdk-trace\1.19.0\opentelemetry-sdk-trace-1.19.0.jar;C:\Users\adnan\.m2\repository\io\opentelemetry\opentelemetry-sdk\1.19.0\opentelemetry-sdk-1.19.0.jar;C:\Users\adnan\.m2\repository\io\opentelemetry\opentelemetry-semconv\1.19.0-alpha\opentelemetry-semconv-1.19.0-alpha.jar;C:\Users\adnan\.m2\repository\io\ous\jtoml\2.0.0\jtoml-2.0.0.jar;C:\Users\adnan\.m2\repository\net\bytebuddy\byte-buddy\1.12.18\byte-buddy-1.12.18.jar;C:\Users\adnan\.m2\repository\org\apache\commons\commons-exec\1.3\commons-exec-1.3.jar;C:\Users\adnan\.m2\repository\org\asynchttpclient\async-http-client\2.12.3\async-http-client-2.12.3.jar;C:\Users\adnan\.m2\repository\org\asynchttpclient\async-http-client-netty-utils\2.12.3\async-http-client-netty-utils-2.12.3.jar;C:\Users\adnan\.m2\repository\io\netty\netty-codec-socks\4.1.60.Final\netty-codec-socks-4.1.60.Final.jar;C:\Users\adnan\.m2\repository\io\netty\netty-handler-proxy\4.1.60.Final\netty-handler-proxy-4.1.60.Final.jar;C:\Users\adnan\.m2\repository\io\netty\netty-transport-native-epoll\4.1.60.Final\netty-transport-native-epoll-4.1.60.Final-linux-x86_64.jar;C:\Users\adnan\.m2\repository\io\netty\netty-transport-native-kqueue\4.1.60.Final\netty-transport-native-kqueue-4.1.60.Final-osx-x86_64.jar;C:\Users\adnan\.m2\repository\com\typesafe\netty\netty-reactive-streams\2.0.4\netty-reactive-streams-2.0.4.jar;C:\Users\adnan\.m2\repository\com\sun\activation\jakarta.activation\1.2.2\jakarta.activation-1.2.2.jar;C:\Users\adnan\.m2\repository\org\seleniumhq\selenium\selenium-http\4.5.3\selenium-http-4.5.3.jar;C:\Users\adnan\.m2\repository\dev\failsafe\failsafe\3.3.0\failsafe-3.3.0.jar;C:\Users\adnan\.m2\repository\org\seleniumhq\selenium\selenium-safari-driver\4.5.3\selenium-safari-driver-4.5.3.jar;C:\Users\adnan\.m2\repository\org\seleniumhq\selenium\selenium-support\4.5.3\selenium-support-4.5.3.jar;C:\Users\adnan\.m2\repository\org\testng\testng\7.6.1\testng-7.6.1.jar;C:\Users\adnan\.m2\repository\com\google\code\findbugs\jsr305\3.0.2\jsr305-3.0.2.jar;C:\Users\adnan\.m2\repository\org\slf4j\slf4j-api\1.7.36\slf4j-api-1.7.36.jar;C:\Users\adnan\.m2\repository\com\beust\jcommander\1.82\jcommander-1.82.jar;C:\Users\adnan\.m2\repository\org\webjars\jquery\3.6.0\jquery-3.6.0.jar;C:\Users\adnan\.m2\repository\io\github\bonigarcia\webdrivermanager\5.3.1\webdrivermanager-5.3.1.jar;C:\Users\adnan\.m2\repository\com\google\code\gson\gson\2.10\gson-2.10.jar;C:\Users\adnan\.m2\repository\com\github\docker-java\docker-java\3.2.13\docker-java-3.2.13.jar;C:\Users\adnan\.m2\repository\com\github\docker-java\docker-java-core\3.2.13\docker-java-core-3.2.13.jar;C:\Users\adnan\.m2\repository\com\github\docker-java\docker-java-api\3.2.13\docker-java-api-3.2.13.jar;C:\Users\adnan\.m2\repository\commons-io\commons-io\2.6\commons-io-2.6.jar;C:\Users\adnan\.m2\repository\org\apache\commons\commons-compress\1.21\commons-compress-1.21.jar;C:\Users\adnan\.m2\repository\org\bouncycastle\bcpkix-jdk15on\1.64\bcpkix-jdk15on-1.64.jar;C:\Users\adnan\.m2\repository\org\bouncycastle\bcprov-jdk15on\1.64\bcprov-jdk15on-1.64.jar;C:\Users\adnan\.m2\repository\org\slf4j\jcl-over-slf4j\1.7.30\jcl-over-slf4j-1.7.30.jar;C:\Users\adnan\.m2\repository\com\github\docker-java\docker-java-transport-httpclient5\3.2.13\docker-java-transport-httpclient5-3.2.13.jar;C:\Users\adnan\.m2\repository\com\github\docker-java\docker-java-transport\3.2.13\docker-java-transport-3.2.13.jar;C:\Users\adnan\.m2\repository\net\java\dev\jna\jna\5.8.0\jna-5.8.0.jar;C:\Users\adnan\.m2\repository\org\brotli\dec\0.1.2\dec-0.1.2.jar;C:\Users\adnan\.m2\repository\org\apache\commons\commons-lang3\3.12.0\commons-lang3-3.12.0.jar;C:\Users\adnan\.m2\repository\org\apache\httpcomponents\client5\httpclient5\5.1.3\httpclient5-5.1.3.jar;C:\Users\adnan\.m2\repository\org\apache\httpcomponents\core5\httpcore5\5.1.3\httpcore5-5.1.3.jar;C:\Users\adnan\.m2\repository\org\apache\httpcomponents\core5\httpcore5-h2\5.1.3\httpcore5-h2-5.1.3.jar;C:\Users\adnan\.m2\repository\commons-codec\commons-codec\1.15\commons-codec-1.15.jar;C:\Users\adnan\.m2\repository\com\fasterxml\jackson\core\jackson-databind\2.13.4.2\jackson-databind-2.13.4.2.jar;C:\Users\adnan\.m2\repository\com\fasterxml\jackson\core\jackson-annotations\2.13.4\jackson-annotations-2.13.4.jar;C:\Users\adnan\.m2\repository\com\fasterxml\jackson\core\jackson-core\2.13.4\jackson-core-2.13.4.jar;C:\Users\adnan\.m2\repository\com\aventstack\extentreports\5.0.9\extentreports-5.0.9.jar;C:\Users\adnan\.m2\repository\io\reactivex\rxjava3\rxjava\3.0.4\rxjava-3.0.4.jar;C:\Users\adnan\.m2\repository\org\reactivestreams\reactive-streams\1.0.3\reactive-streams-1.0.3.jar;C:\Users\adnan\.m2\repository\org\freemarker\freemarker\2.3.30\freemarker-2.3.30.jar;C:\Users\adnan\.m2\repository\org\projectlombok\lombok\1.18.12\lombok-1.18.12.jar;"/>
    <property name="java.vm.vendor" value="Oracle Corporation"/>
    <property name="sun.arch.data.model" value="64"/>
    <property name="user.variant" value=""/>
    <property name="java.vendor.url" value="https://openjdk.java.net/"/>
    <property name="user.timezone" value="Europe/Belgrade"/>
    <property name="user.country.format" value="BA"/>
    <property name="java.vm.specification.version" value="11"/>
    <property name="os.name" value="Windows 10"/>
    <property name="sun.java.launcher" value="SUN_STANDARD"/>
    <property name="user.country" value="US"/>
    <property name="sun.boot.library.path" value="C:\Users\adnan\Documents\QA\jdk-11.0.13\bin"/>
    <property name="sun.java.command" value="C:\Users\adnan\AppData\Local\Temp\surefire7903187478913514211\surefirebooter5948932837556387081.jar C:\Users\adnan\AppData\Local\Temp\surefire7903187478913514211 2022-12-17T20-48-43_162-jvmRun1 surefire11388286060427029067tmp surefire_016830032024457603380tmp"/>
    <property name="jdk.debug" value="release"/>
    <property name="surefire.test.class.path" value="C:\Users\adnan\Documents\QA\eclipse-workspace\Croatia-Direct\target\test-classes;C:\Users\adnan\Documents\QA\eclipse-workspace\Croatia-Direct\target\classes;C:\Users\adnan\.m2\repository\org\seleniumhq\selenium\selenium-java\4.5.3\selenium-java-4.5.3.jar;C:\Users\adnan\.m2\repository\org\seleniumhq\selenium\selenium-api\4.5.3\selenium-api-4.5.3.jar;C:\Users\adnan\.m2\repository\org\seleniumhq\selenium\selenium-chrome-driver\4.5.3\selenium-chrome-driver-4.5.3.jar;C:\Users\adnan\.m2\repository\com\google\auto\service\auto-service-annotations\1.0.1\auto-service-annotations-1.0.1.jar;C:\Users\adnan\.m2\repository\com\google\auto\service\auto-service\1.0.1\auto-service-1.0.1.jar;C:\Users\adnan\.m2\repository\com\google\auto\auto-common\1.2\auto-common-1.2.jar;C:\Users\adnan\.m2\repository\com\google\guava\guava\31.1-jre\guava-31.1-jre.jar;C:\Users\adnan\.m2\repository\com\google\guava\failureaccess\1.0.1\failureaccess-1.0.1.jar;C:\Users\adnan\.m2\repository\com\google\guava\listenablefuture\9999.0-empty-to-avoid-conflict-with-guava\listenablefuture-9999.0-empty-to-avoid-conflict-with-guava.jar;C:\Users\adnan\.m2\repository\org\checkerframework\checker-qual\3.12.0\checker-qual-3.12.0.jar;C:\Users\adnan\.m2\repository\com\google\errorprone\error_prone_annotations\2.11.0\error_prone_annotations-2.11.0.jar;C:\Users\adnan\.m2\repository\com\google\j2objc\j2objc-annotations\1.3\j2objc-annotations-1.3.jar;C:\Users\adnan\.m2\repository\org\seleniumhq\selenium\selenium-chromium-driver\4.5.3\selenium-chromium-driver-4.5.3.jar;C:\Users\adnan\.m2\repository\org\seleniumhq\selenium\selenium-json\4.5.3\selenium-json-4.5.3.jar;C:\Users\adnan\.m2\repository\org\seleniumhq\selenium\selenium-devtools-v104\4.5.3\selenium-devtools-v104-4.5.3.jar;C:\Users\adnan\.m2\repository\org\seleniumhq\selenium\selenium-devtools-v105\4.5.3\selenium-devtools-v105-4.5.3.jar;C:\Users\adnan\.m2\repository\org\seleniumhq\selenium\selenium-devtools-v106\4.5.3\selenium-devtools-v106-4.5.3.jar;C:\Users\adnan\.m2\repository\org\seleniumhq\selenium\selenium-devtools-v85\4.5.3\selenium-devtools-v85-4.5.3.jar;C:\Users\adnan\.m2\repository\org\seleniumhq\selenium\selenium-edge-driver\4.5.3\selenium-edge-driver-4.5.3.jar;C:\Users\adnan\.m2\repository\org\seleniumhq\selenium\selenium-firefox-driver\4.5.3\selenium-firefox-driver-4.5.3.jar;C:\Users\adnan\.m2\repository\org\seleniumhq\selenium\selenium-ie-driver\4.5.3\selenium-ie-driver-4.5.3.jar;C:\Users\adnan\.m2\repository\org\seleniumhq\selenium\selenium-remote-driver\4.5.3\selenium-remote-driver-4.5.3.jar;C:\Users\adnan\.m2\repository\io\netty\netty-buffer\4.1.84.Final\netty-buffer-4.1.84.Final.jar;C:\Users\adnan\.m2\repository\io\netty\netty-codec-http\4.1.84.Final\netty-codec-http-4.1.84.Final.jar;C:\Users\adnan\.m2\repository\io\netty\netty-codec\4.1.84.Final\netty-codec-4.1.84.Final.jar;C:\Users\adnan\.m2\repository\io\netty\netty-handler\4.1.84.Final\netty-handler-4.1.84.Final.jar;C:\Users\adnan\.m2\repository\io\netty\netty-common\4.1.84.Final\netty-common-4.1.84.Final.jar;C:\Users\adnan\.m2\repository\io\netty\netty-transport-classes-epoll\4.1.84.Final\netty-transport-classes-epoll-4.1.84.Final.jar;C:\Users\adnan\.m2\repository\io\netty\netty-transport-classes-kqueue\4.1.84.Final\netty-transport-classes-kqueue-4.1.84.Final.jar;C:\Users\adnan\.m2\repository\io\netty\netty-transport-native-epoll\4.1.84.Final\netty-transport-native-epoll-4.1.84.Final.jar;C:\Users\adnan\.m2\repository\io\netty\netty-transport-native-kqueue\4.1.84.Final\netty-transport-native-kqueue-4.1.84.Final.jar;C:\Users\adnan\.m2\repository\io\netty\netty-transport-native-unix-common\4.1.84.Final\netty-transport-native-unix-common-4.1.84.Final.jar;C:\Users\adnan\.m2\repository\io\netty\netty-transport\4.1.84.Final\netty-transport-4.1.84.Final.jar;C:\Users\adnan\.m2\repository\io\netty\netty-resolver\4.1.84.Final\netty-resolver-4.1.84.Final.jar;C:\Users\adnan\.m2\repository\io\opentelemetry\opentelemetry-api\1.19.0\opentelemetry-api-1.19.0.jar;C:\Users\adnan\.m2\repository\io\opentelemetry\opentelemetry-context\1.19.0\opentelemetry-context-1.19.0.jar;C:\Users\adnan\.m2\repository\io\opentelemetry\opentelemetry-exporter-logging\1.19.0\opentelemetry-exporter-logging-1.19.0.jar;C:\Users\adnan\.m2\repository\io\opentelemetry\opentelemetry-sdk-metrics\1.19.0\opentelemetry-sdk-metrics-1.19.0.jar;C:\Users\adnan\.m2\repository\io\opentelemetry\opentelemetry-sdk-logs\1.19.0-alpha\opentelemetry-sdk-logs-1.19.0-alpha.jar;C:\Users\adnan\.m2\repository\io\opentelemetry\opentelemetry-api-logs\1.19.0-alpha\opentelemetry-api-logs-1.19.0-alpha.jar;C:\Users\adnan\.m2\repository\io\opentelemetry\opentelemetry-sdk-common\1.19.0\opentelemetry-sdk-common-1.19.0.jar;C:\Users\adnan\.m2\repository\io\opentelemetry\opentelemetry-sdk-extension-autoconfigure-spi\1.19.0\opentelemetry-sdk-extension-autoconfigure-spi-1.19.0.jar;C:\Users\adnan\.m2\repository\io\opentelemetry\opentelemetry-sdk-extension-autoconfigure\1.19.0-alpha\opentelemetry-sdk-extension-autoconfigure-1.19.0-alpha.jar;C:\Users\adnan\.m2\repository\io\opentelemetry\opentelemetry-exporter-common\1.19.0\opentelemetry-exporter-common-1.19.0.jar;C:\Users\adnan\.m2\repository\io\opentelemetry\opentelemetry-sdk-trace\1.19.0\opentelemetry-sdk-trace-1.19.0.jar;C:\Users\adnan\.m2\repository\io\opentelemetry\opentelemetry-sdk\1.19.0\opentelemetry-sdk-1.19.0.jar;C:\Users\adnan\.m2\repository\io\opentelemetry\opentelemetry-semconv\1.19.0-alpha\opentelemetry-semconv-1.19.0-alpha.jar;C:\Users\adnan\.m2\repository\io\ous\jtoml\2.0.0\jtoml-2.0.0.jar;C:\Users\adnan\.m2\repository\net\bytebuddy\byte-buddy\1.12.18\byte-buddy-1.12.18.jar;C:\Users\adnan\.m2\repository\org\apache\commons\commons-exec\1.3\commons-exec-1.3.jar;C:\Users\adnan\.m2\repository\org\asynchttpclient\async-http-client\2.12.3\async-http-client-2.12.3.jar;C:\Users\adnan\.m2\repository\org\asynchttpclient\async-http-client-netty-utils\2.12.3\async-http-client-netty-utils-2.12.3.jar;C:\Users\adnan\.m2\repository\io\netty\netty-codec-socks\4.1.60.Final\netty-codec-socks-4.1.60.Final.jar;C:\Users\adnan\.m2\repository\io\netty\netty-handler-proxy\4.1.60.Final\netty-handler-proxy-4.1.60.Final.jar;C:\Users\adnan\.m2\repository\io\netty\netty-transport-native-epoll\4.1.60.Final\netty-transport-native-epoll-4.1.60.Final-linux-x86_64.jar;C:\Users\adnan\.m2\repository\io\netty\netty-transport-native-kqueue\4.1.60.Final\netty-transport-native-kqueue-4.1.60.Final-osx-x86_64.jar;C:\Users\adnan\.m2\repository\com\typesafe\netty\netty-reactive-streams\2.0.4\netty-reactive-streams-2.0.4.jar;C:\Users\adnan\.m2\repository\com\sun\activation\jakarta.activation\1.2.2\jakarta.activation-1.2.2.jar;C:\Users\adnan\.m2\repository\org\seleniumhq\selenium\selenium-http\4.5.3\selenium-http-4.5.3.jar;C:\Users\adnan\.m2\repository\dev\failsafe\failsafe\3.3.0\failsafe-3.3.0.jar;C:\Users\adnan\.m2\repository\org\seleniumhq\selenium\selenium-safari-driver\4.5.3\selenium-safari-driver-4.5.3.jar;C:\Users\adnan\.m2\repository\org\seleniumhq\selenium\selenium-support\4.5.3\selenium-support-4.5.3.jar;C:\Users\adnan\.m2\repository\org\testng\testng\7.6.1\testng-7.6.1.jar;C:\Users\adnan\.m2\repository\com\google\code\findbugs\jsr305\3.0.2\jsr305-3.0.2.jar;C:\Users\adnan\.m2\repository\org\slf4j\slf4j-api\1.7.36\slf4j-api-1.7.36.jar;C:\Users\adnan\.m2\repository\com\beust\jcommander\1.82\jcommander-1.82.jar;C:\Users\adnan\.m2\repository\org\webjars\jquery\3.6.0\jquery-3.6.0.jar;C:\Users\adnan\.m2\repository\io\github\bonigarcia\webdrivermanager\5.3.1\webdrivermanager-5.3.1.jar;C:\Users\adnan\.m2\repository\com\google\code\gson\gson\2.10\gson-2.10.jar;C:\Users\adnan\.m2\repository\com\github\docker-java\docker-java\3.2.13\docker-java-3.2.13.jar;C:\Users\adnan\.m2\repository\com\github\docker-java\docker-java-core\3.2.13\docker-java-core-3.2.13.jar;C:\Users\adnan\.m2\repository\com\github\docker-java\docker-java-api\3.2.13\docker-java-api-3.2.13.jar;C:\Users\adnan\.m2\repository\commons-io\commons-io\2.6\commons-io-2.6.jar;C:\Users\adnan\.m2\repository\org\apache\commons\commons-compress\1.21\commons-compress-1.21.jar;C:\Users\adnan\.m2\repository\org\bouncycastle\bcpkix-jdk15on\1.64\bcpkix-jdk15on-1.64.jar;C:\Users\adnan\.m2\repository\org\bouncycastle\bcprov-jdk15on\1.64\bcprov-jdk15on-1.64.jar;C:\Users\adnan\.m2\repository\org\slf4j\jcl-over-slf4j\1.7.30\jcl-over-slf4j-1.7.30.jar;C:\Users\adnan\.m2\repository\com\github\docker-java\docker-java-transport-httpclient5\3.2.13\docker-java-transport-httpclient5-3.2.13.jar;C:\Users\adnan\.m2\repository\com\github\docker-java\docker-java-transport\3.2.13\docker-java-transport-3.2.13.jar;C:\Users\adnan\.m2\repository\net\java\dev\jna\jna\5.8.0\jna-5.8.0.jar;C:\Users\adnan\.m2\repository\org\brotli\dec\0.1.2\dec-0.1.2.jar;C:\Users\adnan\.m2\repository\org\apache\commons\commons-lang3\3.12.0\commons-lang3-3.12.0.jar;C:\Users\adnan\.m2\repository\org\apache\httpcomponents\client5\httpclient5\5.1.3\httpclient5-5.1.3.jar;C:\Users\adnan\.m2\repository\org\apache\httpcomponents\core5\httpcore5\5.1.3\httpcore5-5.1.3.jar;C:\Users\adnan\.m2\repository\org\apache\httpcomponents\core5\httpcore5-h2\5.1.3\httpcore5-h2-5.1.3.jar;C:\Users\adnan\.m2\repository\commons-codec\commons-codec\1.15\commons-codec-1.15.jar;C:\Users\adnan\.m2\repository\com\fasterxml\jackson\core\jackson-databind\2.13.4.2\jackson-databind-2.13.4.2.jar;C:\Users\adnan\.m2\repository\com\fasterxml\jackson\core\jackson-annotations\2.13.4\jackson-annotations-2.13.4.jar;C:\Users\adnan\.m2\repository\com\fasterxml\jackson\core\jackson-core\2.13.4\jackson-core-2.13.4.jar;C:\Users\adnan\.m2\repository\com\aventstack\extentreports\5.0.9\extentreports-5.0.9.jar;C:\Users\adnan\.m2\repository\io\reactivex\rxjava3\rxjava\3.0.4\rxjava-3.0.4.jar;C:\Users\adnan\.m2\repository\org\reactivestreams\reactive-streams\1.0.3\reactive-streams-1.0.3.jar;C:\Users\adnan\.m2\repository\org\freemarker\freemarker\2.3.30\freemarker-2.3.30.jar;C:\Users\adnan\.m2\repository\org\projectlombok\lombok\1.18.12\lombok-1.18.12.jar;"/>
    <property name="sun.cpu.endian" value="little"/>
    <property name="user.home" value="C:\Users\adnan"/>
    <property name="user.language" value="en"/>
    <property name="java.specification.vendor" value="Oracle Corporation"/>
    <property name="java.version.date" value="2021-10-19"/>
    <property name="java.home" value="C:\Users\adnan\Documents\QA\jdk-11.0.13"/>
    <property name="file.separator" value="\"/>
    <property name="basedir" value="C:\Users\adnan\Documents\QA\eclipse-workspace\Croatia-Direct"/>
    <property name="java.vm.compressedOopsMode" value="32-bit"/>
    <property name="line.separator" value="&#10;"/>
    <property name="java.specification.name" value="Java Platform API Specification"/>
    <property name="java.vm.specification.vendor" value="Oracle Corporation"/>
    <property name="java.awt.graphicsenv" value="sun.awt.Win32GraphicsEnvironment"/>
    <property name="surefire.real.class.path" value="C:\Users\adnan\AppData\Local\Temp\surefire7903187478913514211\surefirebooter5948932837556387081.jar"/>
    <property name="user.script" value=""/>
    <property name="user.script.format" value="Latn"/>
    <property name="sun.management.compiler" value="HotSpot 64-Bit Tiered Compilers"/>
    <property name="java.runtime.version" value="11.0.13+10-LTS-370"/>
    <property name="user.name" value="adnan"/>
    <property name="path.separator" value=";"/>
    <property name="os.version" value="10.0"/>
    <property name="java.runtime.name" value="Java(TM) SE Runtime Environment"/>
    <property name="file.encoding" value="Cp1252"/>
    <property name="browser" value="chrome headless"/>
    <property name="java.vm.name" value="Java HotSpot(TM) 64-Bit Server VM"/>
    <property name="java.vendor.version" value="18.9"/>
    <property name="localRepository" value="C:\Users\adnan\.m2\repository"/>
    <property name="java.vendor.url.bug" value="https://bugreport.java.com/bugreport/"/>
    <property name="java.io.tmpdir" value="C:\Users\adnan\AppData\Local\Temp\"/>
    <property name="java.version" value="11.0.13"/>
    <property name="user.dir" value="C:\Users\adnan\Documents\QA\eclipse-workspace\Croatia-Direct"/>
    <property name="os.arch" value="amd64"/>
    <property name="java.vm.specification.name" value="Java Virtual Machine Specification"/>
    <property name="java.awt.printerjob" value="sun.awt.windows.WPrinterJob"/>
    <property name="user.language.format" value="bs"/>
    <property name="sun.os.patch.level" value=""/>
    <property name="java.library.path" value="C:\Users\adnan\Documents\QA\jdk-11.0.13\bin;C:\WINDOWS\Sun\Java\bin;C:\WINDOWS\system32;C:\WINDOWS;C:\Windows\system32;C:\Windows;C:\Windows\System32\Wbem;C:\Windows\System32\WindowsPowerShell\v1.0\;C:\Windows\System32\OpenSSH\;C:\Users\adnan\Documents\QA\jdk-11.0.13\bin;C:\Users\adnan\Documents\QA\apache-maven-3.8.5\bin;C:\Program Files\dotnet\;C:\Program Files\Git\cmd;C:\Program Files\Microsoft SQL Server\Client SDK\ODBC\170\Tools\Binn\;%SystemRoot%\system32;%SystemRoot%;%SystemRoot%\System32\Wbem;%SYSTEMROOT%\System32\WindowsPowerShell\v1.0\;%SYSTEMROOT%\System32\OpenSSH\;C:\Program Files\MySQL\MySQL Shell 8.0\bin\;C:\Users\adnan\AppData\Local\Microsoft\WindowsApps;C:\Users\adnan\.dotnet\tools;;."/>
    <property name="java.vendor" value="Oracle Corporation"/>
    <property name="java.vm.info" value="mixed mode"/>
    <property name="java.vm.version" value="11.0.13+10-LTS-370"/>
    <property name="sun.io.unicode.encoding" value="UnicodeLittle"/>
    <property name="java.class.version" value="55.0"/>
  </properties>
  <testcase name="addPropertyToWishList" classname="Selenium.CroatiaDirect.WishlistTest" time="15.583"/>
  <testcase name="checkResultsAreSorted" classname="Selenium.CroatiaDirect.SortingSearchResultsTest" time="15.743"/>
  <testcase name="checkResultsAreSorted" classname="Selenium.CroatiaDirect.SortingSearchResultsTest" time="7.119"/>
  <testcase name="checkResultsAreSorted" classname="Selenium.CroatiaDirect.SortingSearchResultsTest" time="0.841"/>
  <testcase name="checkResultsAreSorted" classname="Selenium.CroatiaDirect.SortingSearchResultsTest" time="0.745"/>
  <testcase name="checkResultsAreSorted" classname="Selenium.CroatiaDirect.SortingSearchResultsTest" time="1.263"/>
  <testcase name="checkResultsAreSorted" classname="Selenium.CroatiaDirect.SortingSearchResultsTest" time="1.575"/>
  <testcase name="checkResultsAreSorted" classname="Selenium.CroatiaDirect.SortingSearchResultsTest" time="0.323"/>
  <testcase name="checkResultsAreSorted" classname="Selenium.CroatiaDirect.SortingSearchResultsTest" time="5.032"/>
  <testcase name="convertPricesToSelectedCurrency" classname="Selenium.CroatiaDirect.CountryCurrencyTest" time="17.601"/>
  <testcase name="convertPricesToSelectedCurrency" classname="Selenium.CroatiaDirect.CountryCurrencyTest" time="4.946"/>
  <testcase name="convertPricesToSelectedCurrency" classname="Selenium.CroatiaDirect.CountryCurrencyTest" time="2.864"/>
  <testcase name="convertPricesToSelectedCurrency" classname="Selenium.CroatiaDirect.CountryCurrencyTest" time="3.843"/>
  <testcase name="convertPricesToSelectedCurrency" classname="Selenium.CroatiaDirect.CountryCurrencyTest" time="3.779"/>
  <testcase name="convertPricesToSelectedCurrency" classname="Selenium.CroatiaDirect.CountryCurrencyTest" time="4.004"/>
  <testcase name="convertPricesToSelectedCurrency" classname="Selenium.CroatiaDirect.CountryCurrencyTest" time="3.36"/>
  <testcase name="convertPricesToSelectedCurrency" classname="Selenium.CroatiaDirect.CountryCurrencyTest" time="8.769"/>
  <testcase name="convertPricesToSelectedCurrency" classname="Selenium.CroatiaDirect.CountryCurrencyTest" time="2.678"/>
  <testcase name="convertPricesToSelectedCurrency" classname="Selenium.CroatiaDirect.CountryCurrencyTest" time="10.65"/>
  <testcase name="convertPricesToSelectedCurrency" classname="Selenium.CroatiaDirect.CountryCurrencyTest" time="7.577"/>
  <testcase name="convertPricesToSelectedCurrency" classname="Selenium.CroatiaDirect.CountryCurrencyTest" time="11.192"/>
  <testcase name="convertPricesToSelectedCurrency" classname="Selenium.CroatiaDirect.CountryCurrencyTest" time="0.989"/>
  <testcase name="removeAllPropertiesFromWishList" classname="Selenium.CroatiaDirect.WishlistTest" time="8.158"/>
  <testcase name="removePropertyFromWishList" classname="Selenium.CroatiaDirect.WishlistTest" time="4.789"/>
  <testcase name="removePropertyFromWishListUsingProfilePage" classname="Selenium.CroatiaDirect.WishlistTest" time="3.35">
    <failure message="expected [false] but found [true]" type="java.lang.AssertionError">java.lang.AssertionError: expected [false] but found [true]
	at Selenium.CroatiaDirect.WishlistTest.removePropertyFromWishListUsingProfilePage(WishlistTest.java:35)
</failure>
    <system-err><![CDATA[Starting ChromeDriver 108.0.5359.71 (1e0e3868ee06e91ad636a874420e3ca3ae3756ac-refs/branch-heads/5359@{#1016}) on port 35536
Only local connections are allowed.
Please see https://chromedriver.chromium.org/security-considerations for suggestions on keeping ChromeDriver safe.
ChromeDriver was started successfully.
dec 17, 2022 8:50:20 POPODNE org.openqa.selenium.devtools.CdpVersionFinder findNearestMatch
WARNING: Unable to find an exact match for CDP version 108, so returning the closest version found: 106
]]></system-err>
  </testcase>
  <testcase name="checkNumberOfResultsFound" classname="Selenium.CroatiaDirect.AccommodationSearchTest" time="0"/>
  <testcase name="checkNumberOfResultsFound" classname="Selenium.CroatiaDirect.AccommodationSearchTest" time="4.204"/>
  <testcase name="checkNumberOfResultsFound" classname="Selenium.CroatiaDirect.AccommodationSearchTest" time="5.576"/>
  <testcase name="clickingDepartureDateBeforeArrival" classname="Selenium.CroatiaDirect.AccommodationSearchTest" time="6.612"/>
  <testcase name="sendInquiryUsingForm" classname="Selenium.CroatiaDirect.PropertyInquiriesTest" time="5.342"/>
  <testcase name="noMatchingAccomodationMessageDisplayed" classname="Selenium.CroatiaDirect.AccommodationSearchTest" time="8.249"/>
  <testcase name="pastDatesDisabled" classname="Selenium.CroatiaDirect.AccommodationSearchTest" time="0.244"/>
  <testcase name="sendInquiryUsingUnitInquiryButton" classname="Selenium.CroatiaDirect.PropertyInquiriesTest" time="7.739"/>
  <testcase name="searchFromCityInputField" classname="Selenium.CroatiaDirect.AccommodationSearchTest" time="8.865"/>
  <testcase name="searchFromCityInputField" classname="Selenium.CroatiaDirect.AccommodationSearchTest" time="5.903"/>
  <testcase name="searchFromCityInputField" classname="Selenium.CroatiaDirect.AccommodationSearchTest" time="9.041"/>
  <testcase name="sendInquiryWithoutArrivalDate" classname="Selenium.CroatiaDirect.PropertyInquiriesTest" time="8.565"/>
  <testcase name="searchFromDestinationDropdown" classname="Selenium.CroatiaDirect.AccommodationSearchTest" time="9.155"/>
  <testcase name="searchFromDestinationDropdown" classname="Selenium.CroatiaDirect.AccommodationSearchTest" time="5.166"/>
  <testcase name="searchFromDestinationDropdown" classname="Selenium.CroatiaDirect.AccommodationSearchTest" time="4.122"/>
  <testcase name="sendInquiryWithoutDepartureDate" classname="Selenium.CroatiaDirect.PropertyInquiriesTest" time="3.101"/>
  <testcase name="selectCountryOnLandingPageAndVerifyCurrency" classname="Selenium.CroatiaDirect.CountryCurrencyTest" time="1.571"/>
  <testcase name="selectCountryOnLandingPageAndVerifyCurrency" classname="Selenium.CroatiaDirect.CountryCurrencyTest" time="1.136"/>
  <testcase name="selectCountryOnLandingPageAndVerifyCurrency" classname="Selenium.CroatiaDirect.CountryCurrencyTest" time="1.193"/>
  <testcase name="selectCountryOnLandingPageAndVerifyCurrency" classname="Selenium.CroatiaDirect.CountryCurrencyTest" time="0.904"/>
  <testcase name="selectCountryOnLandingPageAndVerifyCurrency" classname="Selenium.CroatiaDirect.CountryCurrencyTest" time="2.244"/>
  <testcase name="selectCountryOnLandingPageAndVerifyCurrency" classname="Selenium.CroatiaDirect.CountryCurrencyTest" time="2.629"/>
  <testcase name="selectCountryOnLandingPageAndVerifyCurrency" classname="Selenium.CroatiaDirect.CountryCurrencyTest" time="2.144"/>
  <testcase name="selectCountryOnLandingPageAndVerifyCurrency" classname="Selenium.CroatiaDirect.CountryCurrencyTest" time="2.272"/>
  <testcase name="selectCountryOnLandingPageAndVerifyCurrency" classname="Selenium.CroatiaDirect.CountryCurrencyTest" time="2.225"/>
  <testcase name="selectCountryOnLandingPageAndVerifyCurrency" classname="Selenium.CroatiaDirect.CountryCurrencyTest" time="1.927"/>
  <testcase name="selectCountryOnLandingPageAndVerifyCurrency" classname="Selenium.CroatiaDirect.CountryCurrencyTest" time="1.499"/>
  <testcase name="selectCountryOnLandingPageAndVerifyCurrency" classname="Selenium.CroatiaDirect.CountryCurrencyTest" time="0.084"/>
  <testcase name="selectCountryOnLandingPageAndVerifyCurrency" classname="Selenium.CroatiaDirect.CountryCurrencyTest" time="2.17"/>
  <testcase name="sendInquiryWithoutEmail" classname="Selenium.CroatiaDirect.PropertyInquiriesTest" time="0.738"/>
  <testcase name="searchNoDatesEntered" classname="Selenium.CroatiaDirect.AccommodationSearchTest" time="2.757"/>
  <testcase name="searchNoDestinationEntered" classname="Selenium.CroatiaDirect.AccommodationSearchTest" time="2.269"/>
  <testcase name="searchNoGuestNumberEntered" classname="Selenium.CroatiaDirect.AccommodationSearchTest" time="2.195"/>
  <testcase name="sendInquiryWithoutFirstName" classname="Selenium.CroatiaDirect.PropertyInquiriesTest" time="5.051"/>
  <testcase name="searchOnAccomodationTypePages" classname="Selenium.CroatiaDirect.AccommodationSearchTest" time="7.125"/>
  <testcase name="searchOnAccomodationTypePages" classname="Selenium.CroatiaDirect.AccommodationSearchTest" time="3.969"/>
  <testcase name="searchOnAccomodationTypePages" classname="Selenium.CroatiaDirect.AccommodationSearchTest" time="4.672"/>
  <testcase name="searchOnAccomodationTypePages" classname="Selenium.CroatiaDirect.AccommodationSearchTest" time="2.471"/>
  <testcase name="sendInquiryWithoutInquiryTextFieldEntry" classname="Selenium.CroatiaDirect.PropertyInquiriesTest" time="0.077"/>
  <testcase name="sendInquiryWithoutLastName" classname="Selenium.CroatiaDirect.PropertyInquiriesTest" time="2.709"/>
  <testcase name="sendInquiryWithoutNumberOfAdults" classname="Selenium.CroatiaDirect.PropertyInquiriesTest" time="2.675"/>
  <testcase name="selectCurrencyAfterEnteringSearchCriteria" classname="Selenium.CroatiaDirect.CountryCurrencyTest" time="0.671">
    <failure message="expected [true] but found [false]" type="java.lang.AssertionError">java.lang.AssertionError: expected [true] but found [false]
	at Selenium.CroatiaDirect.CountryCurrencyTest.selectCurrencyAfterEnteringSearchCriteria(CountryCurrencyTest.java:49)
</failure>
    <system-err><![CDATA[Starting ChromeDriver 108.0.5359.71 (1e0e3868ee06e91ad636a874420e3ca3ae3756ac-refs/branch-heads/5359@{#1016}) on port 7880
Only local connections are allowed.
Please see https://chromedriver.chromium.org/security-considerations for suggestions on keeping ChromeDriver safe.
ChromeDriver was started successfully.
dec 17, 2022 8:54:58 POPODNE org.openqa.selenium.devtools.CdpVersionFinder findNearestMatch
WARNING: Unable to find an exact match for CDP version 108, so returning the closest version found: 106
]]></system-err>
  </testcase>
  <testcase name="sendInquiryWithoutSelectingUnit" classname="Selenium.CroatiaDirect.PropertyInquiriesTest" time="4.845"/>
  <testcase name="selectCurrencyBeforeSearch" classname="Selenium.CroatiaDirect.CountryCurrencyTest" time="4.018"/>
  <testcase name="selectCurrencyBeforeSearch" classname="Selenium.CroatiaDirect.CountryCurrencyTest" time="4.855"/>
  <testcase name="selectCurrencyBeforeSearch" classname="Selenium.CroatiaDirect.CountryCurrencyTest" time="4.646"/>
  <testcase name="selectCurrencyBeforeSearch" classname="Selenium.CroatiaDirect.CountryCurrencyTest" time="4.933"/>
  <testcase name="selectCurrencyBeforeSearch" classname="Selenium.CroatiaDirect.CountryCurrencyTest" time="6.646"/>
  <testcase name="selectCurrencyBeforeSearch" classname="Selenium.CroatiaDirect.CountryCurrencyTest" time="3.962"/>
  <testcase name="selectCurrencyBeforeSearch" classname="Selenium.CroatiaDirect.CountryCurrencyTest" time="4.006"/>
  <testcase name="selectCurrencyBeforeSearch" classname="Selenium.CroatiaDirect.CountryCurrencyTest" time="4.392"/>
  <testcase name="selectCurrencyBeforeSearch" classname="Selenium.CroatiaDirect.CountryCurrencyTest" time="6.342"/>
  <testcase name="selectCurrencyBeforeSearch" classname="Selenium.CroatiaDirect.CountryCurrencyTest" time="4.107"/>
  <testcase name="selectCurrencyBeforeSearch" classname="Selenium.CroatiaDirect.CountryCurrencyTest" time="4.063"/>
  <testcase name="selectCurrencyBeforeSearch" classname="Selenium.CroatiaDirect.CountryCurrencyTest" time="4.5"/>
  <testcase name="selectCurrencyBeforeSearch" classname="Selenium.CroatiaDirect.CountryCurrencyTest" time="4.264"/>
  <testcase name="verifySearchBarAndAccomodationTypeDropdown" classname="Selenium.CroatiaDirect.AccommodationSearchTest" time="12.297"/>
</testsuite>