<?xml version="1.0" encoding="UTF-8"?>
<!-- Generated by org.testng.reporters.JUnitReportReporter -->
<testsuite hostname="DESKTOP-V3TS40K" failures="0" tests="1" name="Selenium.CroatiaDirect.PracticeTest" time="0.018" errors="0" timestamp="2022-11-17T11:36:23 CET" skipped="0">
  <testcase classname="Selenium.CroatiaDirect.PracticeTest" name="testStream" time="0.018"/>
  <system-out/>
</testsuite> <!-- Selenium.CroatiaDirect.PracticeTest -->
