<?xml version="1.0" encoding="UTF-8"?>
<!-- Generated by org.testng.reporters.JUnitReportReporter -->
<testsuite hostname="DESKTOP-V3TS40K" failures="0" tests="42" name="Selenium.CroatiaDirect.CountryCurrencyTest" time="1137.065" errors="0" timestamp="2022-12-17T11:07:33 CET" skipped="2">
  <testcase classname="Selenium.CroatiaDirect.CountryCurrencyTest" name="convertPricesToSelectedCurrency" time="28.994"/>
  <system-out/>
  <testcase classname="Selenium.CroatiaDirect.CountryCurrencyTest" name="convertPricesToSelectedCurrency" time="31.974"/>
  <system-out/>
  <testcase classname="Selenium.CroatiaDirect.CountryCurrencyTest" name="convertPricesToSelectedCurrency" time="28.601"/>
  <system-out/>
  <testcase classname="Selenium.CroatiaDirect.CountryCurrencyTest" name="selectCurrencyBeforeSearch" time="21.560"/>
  <system-out/>
  <testcase classname="Selenium.CroatiaDirect.CountryCurrencyTest" name="convertPricesToSelectedCurrency" time="26.734"/>
  <system-out/>
  <testcase classname="Selenium.CroatiaDirect.CountryCurrencyTest" name="convertPricesToSelectedCurrency" time="43.475"/>
  <system-out/>
  <testcase classname="Selenium.CroatiaDirect.CountryCurrencyTest" name="convertPricesToSelectedCurrency" time="28.047"/>
  <system-out/>
  <testcase classname="Selenium.CroatiaDirect.CountryCurrencyTest" name="selectCurrencyBeforeSearch" time="33.470"/>
  <system-out/>
  <testcase classname="Selenium.CroatiaDirect.CountryCurrencyTest" name="selectCountryOnLandingPageAndVerifyCurrency" time="17.714"/>
  <system-out/>
  <testcase classname="Selenium.CroatiaDirect.CountryCurrencyTest" name="selectCountryOnLandingPageAndVerifyCurrency" time="14.704"/>
  <system-out/>
  <testcase classname="Selenium.CroatiaDirect.CountryCurrencyTest" name="convertPricesToSelectedCurrency" time="25.576"/>
  <system-out/>
  <testcase classname="Selenium.CroatiaDirect.CountryCurrencyTest" name="selectCurrencyBeforeSearch" time="26.457"/>
  <system-out/>
  <testcase classname="Selenium.CroatiaDirect.CountryCurrencyTest" name="convertPricesToSelectedCurrency" time="64.057"/>
  <system-out/>
  <testcase classname="Selenium.CroatiaDirect.CountryCurrencyTest" name="convertPricesToSelectedCurrency" time="12.105">
    <skipped/>
  </testcase> <!-- convertPricesToSelectedCurrency -->
  <system-out/>
  <testcase classname="Selenium.CroatiaDirect.CountryCurrencyTest" name="selectCountryOnLandingPageAndVerifyCurrency" time="14.964"/>
  <system-out/>
  <testcase classname="Selenium.CroatiaDirect.CountryCurrencyTest" name="convertPricesToSelectedCurrency" time="22.584">
    <skipped/>
  </testcase> <!-- convertPricesToSelectedCurrency -->
  <system-out/>
  <testcase classname="Selenium.CroatiaDirect.CountryCurrencyTest" name="selectCountryOnLandingPageAndVerifyCurrency" time="13.092"/>
  <system-out/>
  <testcase classname="Selenium.CroatiaDirect.CountryCurrencyTest" name="selectCountryOnLandingPageAndVerifyCurrency" time="18.871"/>
  <system-out/>
  <testcase classname="Selenium.CroatiaDirect.CountryCurrencyTest" name="selectCurrencyBeforeSearch" time="29.218"/>
  <system-out/>
  <testcase classname="Selenium.CroatiaDirect.CountryCurrencyTest" name="selectCurrencyBeforeSearch" time="20.858"/>
  <system-out/>
  <testcase classname="Selenium.CroatiaDirect.CountryCurrencyTest" name="selectCurrencyBeforeSearch" time="24.940"/>
  <system-out/>
  <testcase classname="Selenium.CroatiaDirect.CountryCurrencyTest" name="selectCurrencyAfterEnteringSearchCriteria" time="22.199"/>
  <system-out/>
  <testcase classname="Selenium.CroatiaDirect.CountryCurrencyTest" name="selectCountryOnLandingPageAndVerifyCurrency" time="13.105"/>
  <system-out/>
  <testcase classname="Selenium.CroatiaDirect.CountryCurrencyTest" name="convertPricesToSelectedCurrency" time="42.117"/>
  <system-out/>
  <testcase classname="Selenium.CroatiaDirect.CountryCurrencyTest" name="selectCurrencyBeforeSearch" time="45.300"/>
  <system-out/>
  <testcase classname="Selenium.CroatiaDirect.CountryCurrencyTest" name="selectCountryOnLandingPageAndVerifyCurrency" time="22.097"/>
  <system-out/>
  <testcase classname="Selenium.CroatiaDirect.CountryCurrencyTest" name="selectCountryOnLandingPageAndVerifyCurrency" time="20.970"/>
  <system-out/>
  <testcase classname="Selenium.CroatiaDirect.CountryCurrencyTest" name="selectCurrencyBeforeSearch" time="18.113"/>
  <system-out/>
  <testcase classname="Selenium.CroatiaDirect.CountryCurrencyTest" name="selectCurrencyBeforeSearch" time="23.768"/>
  <system-out/>
  <testcase classname="Selenium.CroatiaDirect.CountryCurrencyTest" name="selectCurrencyBeforeSearch" time="26.165"/>
  <system-out/>
  <testcase classname="Selenium.CroatiaDirect.CountryCurrencyTest" name="selectCountryOnLandingPageAndVerifyCurrency" time="25.862"/>
  <system-out/>
  <testcase classname="Selenium.CroatiaDirect.CountryCurrencyTest" name="selectCurrencyBeforeSearch" time="21.566"/>
  <system-out/>
  <testcase classname="Selenium.CroatiaDirect.CountryCurrencyTest" name="selectCountryOnLandingPageAndVerifyCurrency" time="15.709"/>
  <system-out/>
  <testcase classname="Selenium.CroatiaDirect.CountryCurrencyTest" name="selectCountryOnLandingPageAndVerifyCurrency" time="24.369"/>
  <system-out/>
  <testcase classname="Selenium.CroatiaDirect.CountryCurrencyTest" name="convertPricesToSelectedCurrency" time="48.595"/>
  <system-out/>
  <testcase classname="Selenium.CroatiaDirect.CountryCurrencyTest" name="selectCountryOnLandingPageAndVerifyCurrency" time="22.030"/>
  <system-out/>
  <testcase classname="Selenium.CroatiaDirect.CountryCurrencyTest" name="selectCountryOnLandingPageAndVerifyCurrency" time="16.378"/>
  <system-out/>
  <testcase classname="Selenium.CroatiaDirect.CountryCurrencyTest" name="selectCurrencyBeforeSearch" time="40.460"/>
  <system-out/>
  <testcase classname="Selenium.CroatiaDirect.CountryCurrencyTest" name="convertPricesToSelectedCurrency" time="36.928"/>
  <system-out/>
  <testcase classname="Selenium.CroatiaDirect.CountryCurrencyTest" name="convertPricesToSelectedCurrency" time="50.320"/>
  <system-out/>
  <testcase classname="Selenium.CroatiaDirect.CountryCurrencyTest" name="selectCurrencyBeforeSearch" time="25.348"/>
  <system-out/>
  <testcase classname="Selenium.CroatiaDirect.CountryCurrencyTest" name="convertPricesToSelectedCurrency" time="27.671"/>
  <system-out/>
</testsuite> <!-- Selenium.CroatiaDirect.CountryCurrencyTest -->
