<?xml version="1.0" encoding="UTF-8"?>
<!-- Generated by org.testng.reporters.JUnitReportReporter -->
<testsuite hostname="DESKTOP-V3TS40K" failures="0" tests="9" name="Selenium.CroatiaDirect.SearchTest" time="9.680" errors="0" timestamp="2022-11-10T21:58:45 CET" skipped="8">
  <testcase classname="Selenium.CroatiaDirect.SearchTest" name="noMatchingAccomodationMessageDisplayed" time="9.680"/>
  <system-out/>
  <testcase classname="Selenium.CroatiaDirect.SearchTest" name="pastDatesDisabled">
    <skipped/>
  </testcase> <!-- pastDatesDisabled -->
  <system-out/>
  <testcase classname="Selenium.CroatiaDirect.SearchTest" name="clickingDepartureDateBeforeArrival">
    <skipped/>
  </testcase> <!-- clickingDepartureDateBeforeArrival -->
  <system-out/>
  <testcase classname="Selenium.CroatiaDirect.SearchTest" name="searchNoDatesEntered">
    <skipped/>
  </testcase> <!-- searchNoDatesEntered -->
  <system-out/>
  <testcase classname="Selenium.CroatiaDirect.SearchTest" name="searchNoGuestNumberEntered">
    <skipped/>
  </testcase> <!-- searchNoGuestNumberEntered -->
  <system-out/>
  <testcase classname="Selenium.CroatiaDirect.SearchTest" name="searchNoDestinationEntered">
    <skipped/>
  </testcase> <!-- searchNoDestinationEntered -->
  <system-out/>
  <testcase classname="Selenium.CroatiaDirect.SearchTest" name="searchFromCityInputField">
    <skipped/>
  </testcase> <!-- searchFromCityInputField -->
  <system-out/>
  <testcase classname="Selenium.CroatiaDirect.SearchTest" name="searchOnAccomodationTypePages">
    <skipped/>
  </testcase> <!-- searchOnAccomodationTypePages -->
  <system-out/>
  <testcase classname="Selenium.CroatiaDirect.SearchTest" name="searchFromDestinationDropdown">
    <skipped/>
  </testcase> <!-- searchFromDestinationDropdown -->
  <system-out/>
</testsuite> <!-- Selenium.CroatiaDirect.SearchTest -->
