<?xml version="1.0" encoding="UTF-8"?>
<!-- Generated by org.testng.reporters.JUnitReportReporter -->
<testsuite hostname="DESKTOP-V3TS40K" failures="0" tests="8" name="Selenium.CroatiaDirect.SortingSearchResultsTest" time="248.658" errors="0" timestamp="2022-12-17T11:07:33 CET" skipped="0">
  <testcase classname="Selenium.CroatiaDirect.SortingSearchResultsTest" name="checkResultsAreSorted" time="32.165"/>
  <system-out/>
  <testcase classname="Selenium.CroatiaDirect.SortingSearchResultsTest" name="checkResultsAreSorted" time="22.569"/>
  <system-out/>
  <testcase classname="Selenium.CroatiaDirect.SortingSearchResultsTest" name="checkResultsAreSorted" time="17.217"/>
  <system-out/>
  <testcase classname="Selenium.CroatiaDirect.SortingSearchResultsTest" name="checkResultsAreSorted" time="56.704"/>
  <system-out/>
  <testcase classname="Selenium.CroatiaDirect.SortingSearchResultsTest" name="checkResultsAreSorted" time="21.278"/>
  <system-out/>
  <testcase classname="Selenium.CroatiaDirect.SortingSearchResultsTest" name="checkResultsAreSorted" time="48.912"/>
  <system-out/>
  <testcase classname="Selenium.CroatiaDirect.SortingSearchResultsTest" name="checkResultsAreSorted" time="25.020"/>
  <system-out/>
  <testcase classname="Selenium.CroatiaDirect.SortingSearchResultsTest" name="checkResultsAreSorted" time="24.793"/>
  <system-out/>
</testsuite> <!-- Selenium.CroatiaDirect.SortingSearchResultsTest -->
