<?xml version="1.0" encoding="UTF-8"?>
<!-- Generated by org.testng.reporters.JUnitReportReporter -->
<testsuite hostname="DESKTOP-V3TS40K" failures="0" tests="9" name="Selenium.CroatiaDirect.SearchResultsTest" time="90.242" errors="0" timestamp="2022-11-19T18:48:26 CET" skipped="1">
  <testcase classname="Selenium.CroatiaDirect.SearchResultsTest" name="checkResultsAreSorted" time="11.202"/>
  <system-out/>
  <testcase classname="Selenium.CroatiaDirect.SearchResultsTest" name="checkResultsAreSorted" time="10.036"/>
  <system-out/>
  <testcase classname="Selenium.CroatiaDirect.SearchResultsTest" name="checkResultsAreSorted" time="13.778"/>
  <system-out/>
  <testcase classname="Selenium.CroatiaDirect.SearchResultsTest" name="checkResultsAreSorted" time="12.790"/>
  <system-out/>
  <testcase classname="Selenium.CroatiaDirect.SearchResultsTest" name="checkResultsAreSorted" time="11.585"/>
  <system-out/>
  <testcase classname="Selenium.CroatiaDirect.SearchResultsTest" name="checkResultsAreSorted" time="11.381"/>
  <system-out/>
  <testcase classname="Selenium.CroatiaDirect.SearchResultsTest" name="checkResultsAreSorted" time="10.230"/>
  <system-out/>
  <testcase classname="Selenium.CroatiaDirect.SearchResultsTest" name="checkResultsAreSorted" time="9.240"/>
  <system-out/>
  <testcase classname="Selenium.CroatiaDirect.SearchResultsTest" name="checkNumberOfResultsFound">
    <skipped/>
  </testcase> <!-- checkNumberOfResultsFound -->
  <system-out/>
</testsuite> <!-- Selenium.CroatiaDirect.SearchResultsTest -->
