<?xml version="1.0" encoding="UTF-8"?>
<!-- Generated by org.testng.reporters.JUnitReportReporter -->
<testsuite hostname="DESKTOP-V3TS40K" failures="0" tests="8" name="Selenium.CroatiaDirect.SortingSearchResultsTest" time="137.753" errors="0" timestamp="2022-12-17T20:57:02 CET" skipped="0">
  <testcase classname="Selenium.CroatiaDirect.SortingSearchResultsTest" name="checkResultsAreSorted" time="16.200"/>
  <system-out/>
  <testcase classname="Selenium.CroatiaDirect.SortingSearchResultsTest" name="checkResultsAreSorted" time="16.384"/>
  <system-out/>
  <testcase classname="Selenium.CroatiaDirect.SortingSearchResultsTest" name="checkResultsAreSorted" time="21.791"/>
  <system-out/>
  <testcase classname="Selenium.CroatiaDirect.SortingSearchResultsTest" name="checkResultsAreSorted" time="13.787"/>
  <system-out/>
  <testcase classname="Selenium.CroatiaDirect.SortingSearchResultsTest" name="checkResultsAreSorted" time="15.693"/>
  <system-out/>
  <testcase classname="Selenium.CroatiaDirect.SortingSearchResultsTest" name="checkResultsAreSorted" time="16.650"/>
  <system-out/>
  <testcase classname="Selenium.CroatiaDirect.SortingSearchResultsTest" name="checkResultsAreSorted" time="22.670"/>
  <system-out/>
  <testcase classname="Selenium.CroatiaDirect.SortingSearchResultsTest" name="checkResultsAreSorted" time="14.578"/>
  <system-out/>
</testsuite> <!-- Selenium.CroatiaDirect.SortingSearchResultsTest -->
