<?xml version="1.0" encoding="UTF-8"?>
<!-- Generated by org.testng.reporters.JUnitReportReporter -->
<testsuite hostname="DESKTOP-V3TS40K" failures="0" tests="20" name="Selenium.CroatiaDirect.AccommodationSearchTest" time="316.889" errors="0" timestamp="2022-12-17T20:57:02 CET" skipped="0">
  <testcase classname="Selenium.CroatiaDirect.AccommodationSearchTest" name="checkNumberOfResultsFound" time="12.052"/>
  <system-out/>
  <testcase classname="Selenium.CroatiaDirect.AccommodationSearchTest" name="searchFromDestinationDropdown" time="15.166"/>
  <system-out/>
  <testcase classname="Selenium.CroatiaDirect.AccommodationSearchTest" name="checkNumberOfResultsFound" time="15.926"/>
  <system-out/>
  <testcase classname="Selenium.CroatiaDirect.AccommodationSearchTest" name="verifySearchBarAndAccomodationTypeDropdown" time="49.240"/>
  <system-out/>
  <testcase classname="Selenium.CroatiaDirect.AccommodationSearchTest" name="searchFromCityInputField" time="15.618"/>
  <system-out/>
  <testcase classname="Selenium.CroatiaDirect.AccommodationSearchTest" name="searchNoGuestNumberEntered" time="13.447"/>
  <system-out/>
  <testcase classname="Selenium.CroatiaDirect.AccommodationSearchTest" name="pastDatesDisabled" time="10.069"/>
  <system-out/>
  <testcase classname="Selenium.CroatiaDirect.AccommodationSearchTest" name="clickingDepartureDateBeforeArrival" time="11.875"/>
  <system-out/>
  <testcase classname="Selenium.CroatiaDirect.AccommodationSearchTest" name="searchOnAccomodationTypePages" time="18.379"/>
  <system-out/>
  <testcase classname="Selenium.CroatiaDirect.AccommodationSearchTest" name="searchNoDatesEntered" time="7.490"/>
  <system-out/>
  <testcase classname="Selenium.CroatiaDirect.AccommodationSearchTest" name="searchOnAccomodationTypePages" time="19.151"/>
  <system-out/>
  <testcase classname="Selenium.CroatiaDirect.AccommodationSearchTest" name="searchFromCityInputField" time="11.498"/>
  <system-out/>
  <testcase classname="Selenium.CroatiaDirect.AccommodationSearchTest" name="searchOnAccomodationTypePages" time="19.384"/>
  <system-out/>
  <testcase classname="Selenium.CroatiaDirect.AccommodationSearchTest" name="searchFromDestinationDropdown" time="15.040"/>
  <system-out/>
  <testcase classname="Selenium.CroatiaDirect.AccommodationSearchTest" name="noMatchingAccomodationMessageDisplayed" time="13.980"/>
  <system-out/>
  <testcase classname="Selenium.CroatiaDirect.AccommodationSearchTest" name="searchFromCityInputField" time="14.043"/>
  <system-out/>
  <testcase classname="Selenium.CroatiaDirect.AccommodationSearchTest" name="searchOnAccomodationTypePages" time="21.135"/>
  <system-out/>
  <testcase classname="Selenium.CroatiaDirect.AccommodationSearchTest" name="searchFromDestinationDropdown" time="14.504"/>
  <system-out/>
  <testcase classname="Selenium.CroatiaDirect.AccommodationSearchTest" name="checkNumberOfResultsFound" time="10.667"/>
  <system-out/>
  <testcase classname="Selenium.CroatiaDirect.AccommodationSearchTest" name="searchNoDestinationEntered" time="8.225"/>
  <system-out/>
</testsuite> <!-- Selenium.CroatiaDirect.AccommodationSearchTest -->
