<?xml version="1.0" encoding="UTF-8"?>
<!-- Generated by org.testng.reporters.JUnitReportReporter -->
<testsuite hostname="DESKTOP-V3TS40K" failures="1" tests="40" name="Selenium.CroatiaDirect.CountryCurrencyTest" time="491.222" errors="0" timestamp="2022-12-17T20:57:02 CET" skipped="0">
  <testcase classname="Selenium.CroatiaDirect.CountryCurrencyTest" name="selectCountryOnLandingPageAndVerifyCurrency" time="7.816"/>
  <system-out/>
  <testcase classname="Selenium.CroatiaDirect.CountryCurrencyTest" name="selectCountryOnLandingPageAndVerifyCurrency" time="7.533"/>
  <system-out/>
  <testcase classname="Selenium.CroatiaDirect.CountryCurrencyTest" name="convertPricesToSelectedCurrency" time="17.538"/>
  <system-out/>
  <testcase classname="Selenium.CroatiaDirect.CountryCurrencyTest" name="convertPricesToSelectedCurrency" time="15.974"/>
  <system-out/>
  <testcase classname="Selenium.CroatiaDirect.CountryCurrencyTest" name="selectCurrencyBeforeSearch" time="11.929"/>
  <system-out/>
  <testcase classname="Selenium.CroatiaDirect.CountryCurrencyTest" name="convertPricesToSelectedCurrency" time="23.367"/>
  <system-out/>
  <testcase classname="Selenium.CroatiaDirect.CountryCurrencyTest" name="selectCurrencyBeforeSearch" time="8.371"/>
  <system-out/>
  <testcase classname="Selenium.CroatiaDirect.CountryCurrencyTest" name="selectCountryOnLandingPageAndVerifyCurrency" time="5.628"/>
  <system-out/>
  <testcase classname="Selenium.CroatiaDirect.CountryCurrencyTest" name="selectCountryOnLandingPageAndVerifyCurrency" time="7.297"/>
  <system-out/>
  <testcase classname="Selenium.CroatiaDirect.CountryCurrencyTest" name="selectCurrencyBeforeSearch" time="8.799"/>
  <system-out/>
  <testcase classname="Selenium.CroatiaDirect.CountryCurrencyTest" name="selectCurrencyBeforeSearch" time="10.655"/>
  <system-out/>
  <testcase classname="Selenium.CroatiaDirect.CountryCurrencyTest" name="convertPricesToSelectedCurrency" time="17.842"/>
  <system-out/>
  <testcase classname="Selenium.CroatiaDirect.CountryCurrencyTest" name="convertPricesToSelectedCurrency" time="13.707"/>
  <system-out/>
  <testcase classname="Selenium.CroatiaDirect.CountryCurrencyTest" name="selectCurrencyBeforeSearch" time="8.825"/>
  <system-out/>
  <testcase classname="Selenium.CroatiaDirect.CountryCurrencyTest" name="convertPricesToSelectedCurrency" time="19.225"/>
  <system-out/>
  <testcase classname="Selenium.CroatiaDirect.CountryCurrencyTest" name="convertPricesToSelectedCurrency" time="24.332"/>
  <system-out/>
  <testcase classname="Selenium.CroatiaDirect.CountryCurrencyTest" name="selectCurrencyBeforeSearch" time="11.691"/>
  <system-out/>
  <testcase classname="Selenium.CroatiaDirect.CountryCurrencyTest" name="convertPricesToSelectedCurrency" time="18.864"/>
  <system-out/>
  <testcase classname="Selenium.CroatiaDirect.CountryCurrencyTest" name="selectCountryOnLandingPageAndVerifyCurrency" time="7.293"/>
  <system-out/>
  <testcase classname="Selenium.CroatiaDirect.CountryCurrencyTest" name="selectCurrencyBeforeSearch" time="8.160"/>
  <system-out/>
  <testcase classname="Selenium.CroatiaDirect.CountryCurrencyTest" name="selectCountryOnLandingPageAndVerifyCurrency" time="6.960"/>
  <system-out/>
  <testcase classname="Selenium.CroatiaDirect.CountryCurrencyTest" name="convertPricesToSelectedCurrency" time="23.028"/>
  <system-out/>
  <testcase classname="Selenium.CroatiaDirect.CountryCurrencyTest" name="selectCountryOnLandingPageAndVerifyCurrency" time="7.577"/>
  <system-out/>
  <testcase classname="Selenium.CroatiaDirect.CountryCurrencyTest" name="selectCountryOnLandingPageAndVerifyCurrency" time="13.668"/>
  <system-out/>
  <testcase classname="Selenium.CroatiaDirect.CountryCurrencyTest" name="selectCountryOnLandingPageAndVerifyCurrency" time="6.733"/>
  <system-out/>
  <testcase classname="Selenium.CroatiaDirect.CountryCurrencyTest" name="selectCurrencyBeforeSearch" time="8.687"/>
  <system-out/>
  <testcase classname="Selenium.CroatiaDirect.CountryCurrencyTest" name="selectCurrencyBeforeSearch" time="12.214"/>
  <system-out/>
  <testcase classname="Selenium.CroatiaDirect.CountryCurrencyTest" name="selectCurrencyBeforeSearch" time="9.466"/>
  <system-out/>
  <testcase classname="Selenium.CroatiaDirect.CountryCurrencyTest" name="convertPricesToSelectedCurrency" time="15.994"/>
  <system-out/>
  <testcase classname="Selenium.CroatiaDirect.CountryCurrencyTest" name="selectCountryOnLandingPageAndVerifyCurrency" time="8.301"/>
  <system-out/>
  <testcase classname="Selenium.CroatiaDirect.CountryCurrencyTest" name="selectCurrencyBeforeSearch" time="10.998"/>
  <system-out/>
  <testcase classname="Selenium.CroatiaDirect.CountryCurrencyTest" name="selectCurrencyBeforeSearch" time="8.491"/>
  <system-out/>
  <testcase classname="Selenium.CroatiaDirect.CountryCurrencyTest" name="selectCurrencyAfterEnteringSearchCriteria" time="17.793">
    <failure message="expected [true] but found [false]" type="java.lang.AssertionError">
      <![CDATA[java.lang.AssertionError: expected [true] but found [false]
at org.testng.Assert.fail(Assert.java:110)
at org.testng.Assert.failNotEquals(Assert.java:1413)
at org.testng.Assert.assertTrue(Assert.java:56)
at org.testng.Assert.assertTrue(Assert.java:66)
at Selenium.CroatiaDirect.CountryCurrencyTest.selectCurrencyAfterEnteringSearchCriteria(CountryCurrencyTest.java:49)
at java.base/jdk.internal.reflect.NativeMethodAccessorImpl.invoke0(Native Method)
at java.base/jdk.internal.reflect.NativeMethodAccessorImpl.invoke(NativeMethodAccessorImpl.java:62)
at java.base/jdk.internal.reflect.DelegatingMethodAccessorImpl.invoke(DelegatingMethodAccessorImpl.java:43)
at java.base/java.lang.reflect.Method.invoke(Method.java:566)
at org.testng.internal.invokers.MethodInvocationHelper.invokeMethod(MethodInvocationHelper.java:139)
at org.testng.internal.invokers.TestInvoker.invokeMethod(TestInvoker.java:677)
at org.testng.internal.invokers.TestInvoker.invokeTestMethod(TestInvoker.java:221)
at org.testng.internal.invokers.MethodRunner.runInSequence(MethodRunner.java:50)
at org.testng.internal.invokers.TestInvoker$MethodInvocationAgent.invoke(TestInvoker.java:962)
at org.testng.internal.invokers.TestInvoker.invokeTestMethods(TestInvoker.java:194)
at org.testng.internal.invokers.TestMethodWorker.invokeTestMethods(TestMethodWorker.java:148)
at org.testng.internal.invokers.TestMethodWorker.run(TestMethodWorker.java:128)
at java.base/java.util.concurrent.ThreadPoolExecutor.runWorker(ThreadPoolExecutor.java:1128)
at java.base/java.util.concurrent.ThreadPoolExecutor$Worker.run(ThreadPoolExecutor.java:628)
at java.base/java.lang.Thread.run(Thread.java:834)
]]>
    </failure>
  </testcase> <!-- selectCurrencyAfterEnteringSearchCriteria -->
  <system-out/>
  <testcase classname="Selenium.CroatiaDirect.CountryCurrencyTest" name="selectCountryOnLandingPageAndVerifyCurrency" time="7.728"/>
  <system-out/>
  <testcase classname="Selenium.CroatiaDirect.CountryCurrencyTest" name="convertPricesToSelectedCurrency" time="21.871"/>
  <system-out/>
  <testcase classname="Selenium.CroatiaDirect.CountryCurrencyTest" name="selectCountryOnLandingPageAndVerifyCurrency" time="7.294"/>
  <system-out/>
  <testcase classname="Selenium.CroatiaDirect.CountryCurrencyTest" name="selectCountryOnLandingPageAndVerifyCurrency" time="6.359"/>
  <system-out/>
  <testcase classname="Selenium.CroatiaDirect.CountryCurrencyTest" name="selectCurrencyBeforeSearch" time="12.223"/>
  <system-out/>
  <testcase classname="Selenium.CroatiaDirect.CountryCurrencyTest" name="convertPricesToSelectedCurrency" time="15.200"/>
  <system-out/>
  <testcase classname="Selenium.CroatiaDirect.CountryCurrencyTest" name="convertPricesToSelectedCurrency" time="15.791"/>
  <system-out/>
</testsuite> <!-- Selenium.CroatiaDirect.CountryCurrencyTest -->
