<?xml version="1.0" encoding="UTF-8"?>
<!-- Generated by org.testng.reporters.JUnitReportReporter -->
<testsuite hostname="DESKTOP-V3TS40K" failures="0" tests="10" name="Selenium.CroatiaDirect.PropertyInquiriesTest" time="240.790" errors="0" timestamp="2022-12-17T20:57:02 CET" skipped="0">
  <testcase classname="Selenium.CroatiaDirect.PropertyInquiriesTest" name="sendInquiryUsingUnitInquiryButton" time="29.134"/>
  <system-out/>
  <testcase classname="Selenium.CroatiaDirect.PropertyInquiriesTest" name="sendInquiryWithoutInquiryTextFieldEntry" time="26.151"/>
  <system-out/>
  <testcase classname="Selenium.CroatiaDirect.PropertyInquiriesTest" name="sendInquiryUsingForm" time="25.433"/>
  <system-out/>
  <testcase classname="Selenium.CroatiaDirect.PropertyInquiriesTest" name="sendInquiryWithoutDepartureDate" time="24.655"/>
  <system-out/>
  <testcase classname="Selenium.CroatiaDirect.PropertyInquiriesTest" name="sendInquiryWithoutNumberOfAdults" time="22.261"/>
  <system-out/>
  <testcase classname="Selenium.CroatiaDirect.PropertyInquiriesTest" name="sendInquiryWithoutEmail" time="22.971"/>
  <system-out/>
  <testcase classname="Selenium.CroatiaDirect.PropertyInquiriesTest" name="sendInquiryWithoutSelectingUnit" time="17.205"/>
  <system-out/>
  <testcase classname="Selenium.CroatiaDirect.PropertyInquiriesTest" name="sendInquiryWithoutArrivalDate" time="27.457"/>
  <system-out/>
  <testcase classname="Selenium.CroatiaDirect.PropertyInquiriesTest" name="sendInquiryWithoutFirstName" time="25.294"/>
  <system-out/>
  <testcase classname="Selenium.CroatiaDirect.PropertyInquiriesTest" name="sendInquiryWithoutLastName" time="20.229"/>
  <system-out/>
</testsuite> <!-- Selenium.CroatiaDirect.PropertyInquiriesTest -->
